<?xml version="1.0" encoding="UTF-8"?>
<!-- Generated by org.testng.reporters.JUnitReportReporter -->
<testsuite hostname="UA-UH8075" failures="0" tests="1" name="testsToCheckAuthorization.TestErrorMessageDisplayedWithIncorrectEmail" time="3.475" errors="0" timestamp="2024-01-08T11:37:18 CET" skipped="0">
  <testcase classname="testsToCheckAuthorization.TestErrorMessageDisplayedWithIncorrectEmail" name="testAuthorizationWithIncorrectEmail" time="3.475"/>
  <system-out/>
</testsuite> <!-- testsToCheckAuthorization.TestErrorMessageDisplayedWithIncorrectEmail -->
