<?xml version="1.0" encoding="UTF-8"?>
<!-- Generated by org.testng.reporters.JUnitReportReporter -->
<testsuite hostname="UA-UH8075" failures="0" tests="1" name="testsToCheckAuthorization.TestSignInWithCorrectData" time="5.301" errors="0" timestamp="2024-01-08T11:37:18 CET" skipped="0">
  <testcase classname="testsToCheckAuthorization.TestSignInWithCorrectData" name="testSignInWithCorrectData" time="5.301"/>
  <system-out/>
</testsuite> <!-- testsToCheckAuthorization.TestSignInWithCorrectData -->
