<?xml version="1.0" encoding="UTF-8"?>
<!-- Generated by org.testng.reporters.JUnitReportReporter -->
<testsuite hostname="UA-UH8075" failures="0" tests="1" name="testsToCheckAuthorization.TestErrorMessageDisplayedOnEmptyPassword" time="10.148" errors="0" timestamp="2024-01-08T11:37:18 CET" skipped="0">
  <testcase classname="testsToCheckAuthorization.TestErrorMessageDisplayedOnEmptyPassword" name="testErrorMessageDisplayedOnEmptyPassword" time="10.148"/>
  <system-out/>
</testsuite> <!-- testsToCheckAuthorization.TestErrorMessageDisplayedOnEmptyPassword -->
